[debug] [2025-05-05T09:44:49.232Z] ----------------------------------------------------------------------
[debug] [2025-05-05T09:44:49.470Z] Command:       C:\Program Files\nodejs\node.exe C:\Users\TPC-TECH\AppData\Local\Yarn\Data\global\node_modules\firebase-tools\lib\bin\firebase.js login
[debug] [2025-05-05T09:44:49.471Z] CLI Version:   14.2.2
[debug] [2025-05-05T09:44:49.471Z] Platform:      win32
[debug] [2025-05-05T09:44:49.471Z] Node Version:  v22.5.1
[debug] [2025-05-05T09:44:49.472Z] Time:          Mon May 05 2025 12:44:49 GMT+0300 (East Africa Time)
[debug] [2025-05-05T09:44:49.472Z] ----------------------------------------------------------------------
[debug] 
[debug] [2025-05-05T09:44:49.474Z] >>> [apiv2][query] GET https://firebase-public.firebaseio.com/cli.json [none]
[info] i  Firebase optionally collects CLI and Emulator Suite usage and error reporting information to help improve our products. Data is collected in accordance with Google's privacy policy (https://policies.google.com/privacy) and is not used to identify you.
 
[debug] [2025-05-05T09:44:56.665Z] <<< [apiv2][status] GET https://firebase-public.firebaseio.com/cli.json 200
[debug] [2025-05-05T09:44:56.665Z] <<< [apiv2][body] GET https://firebase-public.firebaseio.com/cli.json {"cloudBuildErrorAfter":1594252800000,"cloudBuildWarnAfter":1590019200000,"defaultNode10After":1594252800000,"minVersion":"3.0.5","node8DeploysDisabledAfter":1613390400000,"node8RuntimeDisabledAfter":1615809600000,"node8WarnAfter":1600128000000}
[debug] [2025-05-05T09:46:22.612Z] ----------------------------------------------------------------------
[debug] [2025-05-05T09:46:22.615Z] Command:       C:\Program Files\nodejs\node.exe C:\Users\TPC-TECH\AppData\Local\Yarn\Data\global\node_modules\firebase-tools\lib\bin\firebase.js login
[debug] [2025-05-05T09:46:22.616Z] CLI Version:   14.2.2
[debug] [2025-05-05T09:46:22.616Z] Platform:      win32
[debug] [2025-05-05T09:46:22.616Z] Node Version:  v22.5.1
[debug] [2025-05-05T09:46:22.616Z] Time:          Mon May 05 2025 12:46:22 GMT+0300 (East Africa Time)
[debug] [2025-05-05T09:46:22.616Z] ----------------------------------------------------------------------
[debug] 
[info] i  Firebase optionally collects CLI and Emulator Suite usage and error reporting information to help improve our products. Data is collected in accordance with Google's privacy policy (https://policies.google.com/privacy) and is not used to identify you.
 
[info] i  To change your data collection preference at any time, run `firebase logout` and log in again. 
[info] 
[info] Visit this URL on this device to log in:
[info] https://accounts.google.com/o/oauth2/auth?client_id=563584335869-fgrhgmd47bqnekij5i8b5pr03ho849e6.apps.googleusercontent.com&scope=email%20openid%20https%3A%2F%2Fwww.googleapis.com%2Fauth%2Fcloudplatformprojects.readonly%20https%3A%2F%2Fwww.googleapis.com%2Fauth%2Ffirebase%20https%3A%2F%2Fwww.googleapis.com%2Fauth%2Fcloud-platform&response_type=code&state=791540395&redirect_uri=http%3A%2F%2Flocalhost%3A9005
[info] 
[info] Waiting for authentication...
